INFO:     Will watch for changes in these directories: ['C:\\Users\\leifk\\OneDrive\\Desktop\\PythonCode\\CRMAPP\\CLONE\\CRMAPP']
INFO:     Uvicorn running on http://127.0.0.1:8000 (Press CTRL+C to quit)
INFO:     Started reloader process [32240] using WatchFiles
C:\Users\leifk\OneDrive\Desktop\PythonCode\WORKBENCH\.venv\Lib\site-packages\pydantic\_internal\_config.py:383: UserWarning: Valid config keys have changed in V2:
* 'orm_mode' has been renamed to 'from_attributes'
  warnings.warn(message, UserWarning)
INFO:     Database tables ensured.
INFO:     Started server process [28292]
INFO:     Waiting for application startup.
INFO:     Application startup complete.
C:\Users\leifk\OneDrive\Desktop\PythonCode\WORKBENCH\.venv\Lib\site-packages\pydantic\_internal\_config.py:383: UserWarning: Valid config keys have changed in V2:
* 'orm_mode' has been renamed to 'from_attributes'
  warnings.warn(message, UserWarning)
WARNING:  WatchFiles detected changes in 'backend\crud.py'. Reloading...
INFO:     Shutting down
INFO:     Waiting for application shutdown.
INFO:     Application shutdown complete.
INFO:     Finished server process [28292]
C:\Users\leifk\OneDrive\Desktop\PythonCode\WORKBENCH\.venv\Lib\site-packages\pydantic\_internal\_config.py:383: UserWarning: Valid config keys have changed in V2:
* 'orm_mode' has been renamed to 'from_attributes'
  warnings.warn(message, UserWarning)
INFO:     Database tables ensured.
INFO:     Started server process [35740]
INFO:     Waiting for application startup.
INFO:     Application startup complete.
WARNING:  WatchFiles detected changes in 'backend\crud.py'. Reloading...
INFO:     Shutting down
INFO:     Waiting for application shutdown.
INFO:     Application shutdown complete.
INFO:     Finished server process [35740]
C:\Users\leifk\OneDrive\Desktop\PythonCode\WORKBENCH\.venv\Lib\site-packages\pydantic\_internal\_config.py:383: UserWarning: Valid config keys have changed in V2:
* 'orm_mode' has been renamed to 'from_attributes'
  warnings.warn(message, UserWarning)
INFO:     Database tables ensured.
INFO:     Started server process [3760]
INFO:     Waiting for application startup.
INFO:     Application startup complete.
C:\Users\leifk\OneDrive\Desktop\PythonCode\WORKBENCH\.venv\Lib\site-packages\pydantic\_internal\_config.py:383: UserWarning: Valid config keys have changed in V2:
* 'orm_mode' has been renamed to 'from_attributes'
  warnings.warn(message, UserWarning)
WARNING:  WatchFiles detected changes in 'backend\models.py'. Reloading...
INFO:     Shutting down
INFO:     Waiting for application shutdown.
INFO:     Application shutdown complete.
INFO:     Finished server process [3760]
WARNING:  WatchFiles detected changes in 'backend\routers\agencies.py', 'backend\schemas.py', 'backend\routers\production.py', 'backend\routers\logs.py', 'backend\routers\contacts.py', 'backend\main.py', 'backend\routers\tasks.py', 'backend\models.py', 'backend\ingest_csv.py', 'backend\routers\employees.py', 'backend\crud.py'. Reloading...
INFO:     Database tables ensured.
INFO:     Started server process [6648]
INFO:     Waiting for application startup.
INFO:     Application startup complete.
ERROR:    Traceback (most recent call last):
  File "C:\Users\leifk\AppData\Local\Programs\Python\Python313\Lib\asyncio\runners.py", line 118, in run
    return self._loop.run_until_complete(task)
           ~~~~~~~~~~~~~~~~~~~~~~~~~~~~~^^^^^^
  File "C:\Users\leifk\AppData\Local\Programs\Python\Python313\Lib\asyncio\base_events.py", line 725, in run_until_complete
    return future.result()
           ~~~~~~~~~~~~~^^
asyncio.exceptions.CancelledError

During handling of the above exception, another exception occurred:

Traceback (most recent call last):
  File "C:\Users\leifk\AppData\Local\Programs\Python\Python313\Lib\asyncio\runners.py", line 195, in run
    return runner.run(main)
           ~~~~~~~~~~^^^^^^
  File "C:\Users\leifk\AppData\Local\Programs\Python\Python313\Lib\asyncio\runners.py", line 123, in run
    raise KeyboardInterrupt()
KeyboardInterrupt

During handling of the above exception, another exception occurred:

Traceback (most recent call last):
  File "C:\Users\leifk\OneDrive\Desktop\PythonCode\WORKBENCH\.venv\Lib\site-packages\starlette\routing.py", line 701, in lifespan
    await receive()
  File "C:\Users\leifk\OneDrive\Desktop\PythonCode\WORKBENCH\.venv\Lib\site-packages\uvicorn\lifespan\on.py", line 137, in receive
    return await self.receive_queue.get()
           ^^^^^^^^^^^^^^^^^^^^^^^^^^^^^^
  File "C:\Users\leifk\AppData\Local\Programs\Python\Python313\Lib\asyncio\queues.py", line 186, in get
    await getter
asyncio.exceptions.CancelledError

INFO:     Database tables ensured.
INFO:     Started server process [760]
INFO:     Waiting for application startup.
INFO:     Application startup complete.
